                                                          IMCO2
  solar dec.(deg)  -85 -75 -65 -55 -45 -35 -25 -15  -5   5  15  25  35  45  55  65  75  85  global cloud coverage

     3.64            0   0   0   0   0   0   0   0   0   0   0   0   0   0   0   0   0   0         0.000
     2.87            0   0   0   0   0   0   0   0   0   0   0   0   0   0   0   0   0   0         0.000
     2.09            0   0   0   0   0   0   0   0   0   0   0   0   0   0   0   0   0   0         0.000
     1.32            0   0   0   0   0   0   0   0   0   0   0   0   0   0   0   0   0   0         0.000
     0.54            0   0   0   0   0   0   0   0   0   0   0   0   0   0   0   0   0   0         0.000
    -0.24            0   0   0   0   0   0   0   0   0   0   0   0   0   0   0   0   0   0         0.000
    -1.02            0   0   0   0   0   0   0   0   0   0   0   0   0   0   0   0   0   0         0.000
    -1.80            0   0   0   0   0   0   0   0   0   0   0   0   0   0   0   0   0   0         0.000
    -2.58            0   0   0   0   0   0   0   0   0   0   0   0   0   0   0   0   0   0         0.000
    -3.36            0   0   0   0   0   0   0   0   0   0   0   0   0   0   0   0   0   0         0.000
    -4.13            0   0   0   0   0   0   0   0   0   0   0   0   0   0   0   0   0   0         0.000
    -4.91            0   0   0   0   0   0   0   0   0   0   0   0   0   0   0   0   0   0         0.000
    -5.68            0   0   0   0   0   0   0   0   0   0   0   0   0   0   0   0   0   0         0.000
    -6.44            0   0   0   0   0   0   0   0   0   0   0   0   0   0   0   0   0   0         0.000
    -7.20            0   0   0   0   0   0   0   0   0   0   0   0   0   0   0   0   0   0         0.000
    -7.95            0   0   0   0   0   0   0   0   0   0   0   0   0   0   0   0   0   0         0.000
    -8.69            0   0   0   0   0   0   0   0   0   0   0   0   0   0   0   0   0   0         0.000
    -9.43            0   0   0   0   0   0   0   0   0   0   0   0   0   0   0   0   0   0         0.000
   -10.15            0   0   0   0   0   0   0   0   0   0   0   0   0   0   0   0   0   0         0.000
   -10.87            0   0   0   0   0   0   0   0   0   0   0   0   0   0   0   0   0   0         0.000
   -11.58            0   0   0   0   0   0   0   0   0   0   0   0   0   0   0   0   0   0         0.000
   -12.27            0   0   0   0   0   0   0   0   0   0   0   0   0   0   0   0   0   0         0.000
   -12.95            0   0   0   0   0   0   0   0   0   0   0   0   0   0   0   0   0   0         0.000
   -13.62            0   0   0   0   0   0   0   0   0   0   0   0   0   0   0   0   0   0         0.000
   -14.27            0   0   0   0   0   0   0   0   0   0   0   0   0   0   0   0   0   0         0.000
   -14.91            0   0   0   0   0   0   0   0   0   0   0   0   0   0   0   0   0   0         0.000
   -15.54            0   0   0   0   0   0   0   0   0   0   0   0   0   0   0   0   0   0         0.000
   -16.14            0   0   0   0   0   0   0   0   0   0   0   0   0   0   0   0   0   0         0.000
   -16.73            0   0   0   0   0   0   0   0   0   0   0   0   0   0   0   0   0   0         0.000
   -17.30            0   0   0   0   0   0   0   0   0   0   0   0   0   0   0   0   0   0         0.000
   -17.85            0   0   0   0   0   0   0   0   0   0   0   0   0   0   0   0   0   0         0.000
   -18.38            0   0   0   0   0   0   0   0   0   0   0   0   0   0   0   0   0   0         0.000
   -18.88            0   0   0   0   0   0   0   0   0   0   0   0   0   0   0   0   0   0         0.000
   -19.37            0   0   0   0   0   0   0   0   0   0   0   0   0   0   0   0   0   0         0.000
   -19.83            0   0   0   0   0   0   0   0   0   0   0   0   0   0   0   0   0   0         0.000
   -20.27            0   0   0   0   0   0   0   0   0   0   0   0   0   0   0   0   0   0         0.000
   -20.68            0   0   0   0   0   0   0   0   0   0   0   0   0   0   0   0   0   0         0.000
   -21.07            0   0   0   0   0   0   0   0   0   0   0   0   0   0   0   0   0   0         0.000
   -21.43            0   0   0   0   0   0   0   0   0   0   0   0   0   0   0   0   0   0         0.000
   -21.76            0   0   0   0   0   0   0   0   0   0   0   0   0   0   0   0   0   0         0.000
   -22.07            0   0   0   0   0   0   0   0   0   0   0   0   0   0   0   0   0   0         0.000
   -22.35            0   0   0   0   0   0   0   0   0   0   0   0   0   0   0   0   0   0         0.000
   -22.60            0   0   0   0   0   0   0   0   0   0   0   0   0   0   0   0   0   0         0.000
   -22.82            0   0   0   0   0   0   0   0   0   0   0   0   0   0   0   0   0   0         0.000
   -23.01            0   0   0   0   0   0   0   0   0   0   0   0   0   0   0   0   0   0         0.000
   -23.16            0   0   0   0   0   0   0   0   0   0   0   0   0   0   0   0   0   0         0.000
   -23.29            0   0   0   0   0   0   0   0   0   0   0   0   0   0   0   0   0   0         0.000
   -23.39            0   0   0   0   0   0   0   0   0   0   0   0   0   0   0   0   0   0         0.000
   -23.46            0   0   0   0   0   0   0   0   0   0   0   0   0   0   0   0   0   0         0.000
   -23.49            0   0   0   0   0   0   0   0   0   0   0   0   0   0   0   0   0   0         0.000
   -23.50            0   0   0   0   0   0   0   0   0   0   0   0   0   0   0   0   0   0         0.000
   -23.47            0   0   0   0   0   0   0   0   0   0   0   0   0   0   0   0   0   0         0.000
   -23.41            0   0   0   0   0   0   0   0   0   0   0   0   0   0   0   0   0   0         0.000
   -23.32            0   0   0   0   0   0   0   0   0   0   0   0   0   0   0   0   0   0         0.000
   -23.20            0   0   0   0   0   0   0   0   0   0   0   0   0   0   0   0   0   0         0.000
   -23.05            0   0   0   0   0   0   0   0   0   0   0   0   0   0   0   0   0   0         0.000
   -22.86            0   0   0   0   0   0   0   0   0   0   0   0   0   0   0   0   0   0         0.000
   -22.65            0   0   0   0   0   0   0   0   0   0   0   0   0   0   0   0   0   0         0.000
   -22.41            0   0   0   0   0   0   0   0   0   0   0   0   0   0   0   0   0   0         0.000
   -22.13            0   0   0   0   0   0   0   0   0   0   0   0   0   0   0   0   0   0         0.000
   -21.83            0   0   0   0   0   0   0   0   0   0   0   0   0   0   0   0   0   0         0.000
   -21.50            0   0   0   0   0   0   0   0   0   0   0   0   0   0   0   0   0   0         0.000
   -21.15            0   0   0   0   0   0   0   0   0   0   0   0   0   0   0   0   0   0         0.000
   -20.76            0   0   0   0   0   0   0   0   0   0   0   0   0   0   0   0   0   0         0.000
   -20.35            0   0   0   0   0   0   0   0   0   0   0   0   0   0   0   0   0   0         0.000
   -19.91            0   0   0   0   0   0   0   0   0   0   0   0   0   0   0   0   0   0         0.000
   -19.45            0   0   0   0   0   0   0   0   0   0   0   0   0   0   0   0   0   0         0.000
   -18.97            0   0   0   0   0   0   0   0   0   0   0   0   0   0   0   0   0   0         0.000
   -18.46            0   0   0   0   0   0   0   0   0   0   0   0   0   0   0   0   0   0         0.000
   -17.93            0   0   0   0   0   0   0   0   0   0   0   0   0   0   0   0   0   0         0.000
   -17.38            0   0   0   0   0   0   0   0   0   0   0   0   0   0   0   0   0   0         0.000
   -16.81            0   0   0   0   0   0   0   0   0   0   0   0   0   0   0   0   0   0         0.000
   -16.21            0   0   0   0   0   0   0   0   0   0   0   0   0   0   0   0   0   0         0.000
   -15.60            0   0   0   0   0   0   0   0   0   0   0   0   0   0   0   0   0   0         0.000
   -14.97            0   0   0   0   0   0   0   0   0   0   0   0   0   0   0   0   0   0         0.000
   -14.33            0   0   0   0   0   0   0   0   0   0   0   0   0   0   0   0   0   0         0.000
   -13.67            0   0   0   0   0   0   0   0   0   0   0   0   0   0   0   0   0   0         0.000
   -12.99            0   0   0   0   0   0   0   0   0   0   0   0   0   0   0   0   0   0         0.000
   -12.30            0   0   0   0   0   0   0   0   0   0   0   0   0   0   0   0   0   0         0.000
   -11.60            0   0   0   0   0   0   0   0   0   0   0   0   0   0   0   0   0   0         0.000
   -10.88            0   0   0   0   0   0   0   0   0   0   0   0   0   0   0   0   0   0         0.000
   -10.16            0   0   0   0   0   0   0   0   0   0   0   0   0   0   0   0   0   0         0.000
    -9.42            0   0   0   0   0   0   0   0   0   0   0   0   0   0   0   0   0   0         0.000
    -8.67            0   0   0   0   0   0   0   0   0   0   0   0   0   0   0   0   0   0         0.000
    -7.92            0   0   0   0   0   0   0   0   0   0   0   0   0   0   0   0   0   0         0.000
    -7.16            0   0   0   0   0   0   0   0   0   0   0   0   0   0   0   0   0   0         0.000
    -6.39            0   0   0   0   0   0   0   0   0   0   0   0   0   0   0   0   0   0         0.000
    -5.61            0   0   0   0   0   0   0   0   0   0   0   0   0   0   0   0   0   0         0.000
    -4.83            0   0   0   0   0   0   0   0   0   0   0   0   0   0   0   0   0   0         0.000
    -4.05            0   0   0   0   0   0   0   0   0   0   0   0   0   0   0   0   0   0         0.000
    -3.26            0   0   0   0   0   0   0   0   0   0   0   0   0   0   0   0   0   0         0.000
    -2.47            0   0   0   0   0   0   0   0   0   0   0   0   0   0   0   0   0   0         0.000
    -1.67            0   0   0   0   0   0   0   0   0   0   0   0   0   0   0   0   0   0         0.000
    -0.88            0   0   0   0   0   0   0   0   0   0   0   0   0   0   0   0   0   0         0.000
    -0.09            0   0   0   0   0   0   0   0   0   0   0   0   0   0   0   0   0   0         0.000
